
*** Running vivado
    with args -log img_mem.vds -m64 -product Vivado -mode batch -messageDb vivado.pb -notrace -source img_mem.tcl


****** Vivado v2017.4 (64-bit)
  **** SW Build 2086221 on Fri Dec 15 20:55:39 MST 2017
  **** IP Build 2085800 on Fri Dec 15 22:25:07 MST 2017
    ** Copyright 1986-2017 Xilinx, Inc. All Rights Reserved.

source img_mem.tcl -notrace
Command: synth_design -top img_mem -part xc7a100tfgg484-1 -mode out_of_context
Starting synth_design
Attempting to get a license for feature 'Synthesis' and/or device 'xc7a100t'
INFO: [Common 17-349] Got license for feature 'Synthesis' and/or device 'xc7a100t'
INFO: Launching helper process for spawning children vivado processes
INFO: Helper process launched with PID 13544 
---------------------------------------------------------------------------------
Starting RTL Elaboration : Time (s): cpu = 00:00:07 ; elapsed = 00:00:08 . Memory (MB): peak = 342.043 ; gain = 100.852
---------------------------------------------------------------------------------
INFO: [Synth 8-638] synthesizing module 'img_mem' [c:/Users/Arv/puzzle/puzzle.srcs/sources_1/ip/img_mem/synth/img_mem.vhd:70]
	Parameter C_FAMILY bound to: artix7 - type: string 
	Parameter C_XDEVICEFAMILY bound to: artix7 - type: string 
	Parameter C_ELABORATION_DIR bound to: ./ - type: string 
	Parameter C_INTERFACE_TYPE bound to: 0 - type: integer 
	Parameter C_AXI_TYPE bound to: 1 - type: integer 
	Parameter C_AXI_SLAVE_TYPE bound to: 0 - type: integer 
	Parameter C_USE_BRAM_BLOCK bound to: 0 - type: integer 
	Parameter C_ENABLE_32BIT_ADDRESS bound to: 0 - type: integer 
	Parameter C_CTRL_ECC_ALGO bound to: NONE - type: string 
	Parameter C_HAS_AXI_ID bound to: 0 - type: integer 
	Parameter C_AXI_ID_WIDTH bound to: 4 - type: integer 
	Parameter C_MEM_TYPE bound to: 0 - type: integer 
	Parameter C_BYTE_SIZE bound to: 9 - type: integer 
	Parameter C_ALGORITHM bound to: 1 - type: integer 
	Parameter C_PRIM_TYPE bound to: 1 - type: integer 
	Parameter C_LOAD_INIT_FILE bound to: 0 - type: integer 
	Parameter C_INIT_FILE_NAME bound to: no_coe_file_loaded - type: string 
	Parameter C_INIT_FILE bound to: img_mem.mem - type: string 
	Parameter C_USE_DEFAULT_DATA bound to: 0 - type: integer 
	Parameter C_DEFAULT_DATA bound to: 0 - type: string 
	Parameter C_HAS_RSTA bound to: 0 - type: integer 
	Parameter C_RST_PRIORITY_A bound to: CE - type: string 
	Parameter C_RSTRAM_A bound to: 0 - type: integer 
	Parameter C_INITA_VAL bound to: 0 - type: string 
	Parameter C_HAS_ENA bound to: 1 - type: integer 
	Parameter C_HAS_REGCEA bound to: 0 - type: integer 
	Parameter C_USE_BYTE_WEA bound to: 0 - type: integer 
	Parameter C_WEA_WIDTH bound to: 1 - type: integer 
	Parameter C_WRITE_MODE_A bound to: WRITE_FIRST - type: string 
	Parameter C_WRITE_WIDTH_A bound to: 8 - type: integer 
	Parameter C_READ_WIDTH_A bound to: 8 - type: integer 
	Parameter C_WRITE_DEPTH_A bound to: 230400 - type: integer 
	Parameter C_READ_DEPTH_A bound to: 230400 - type: integer 
	Parameter C_ADDRA_WIDTH bound to: 18 - type: integer 
	Parameter C_HAS_RSTB bound to: 0 - type: integer 
	Parameter C_RST_PRIORITY_B bound to: CE - type: string 
	Parameter C_RSTRAM_B bound to: 0 - type: integer 
	Parameter C_INITB_VAL bound to: 0 - type: string 
	Parameter C_HAS_ENB bound to: 0 - type: integer 
	Parameter C_HAS_REGCEB bound to: 0 - type: integer 
	Parameter C_USE_BYTE_WEB bound to: 0 - type: integer 
	Parameter C_WEB_WIDTH bound to: 1 - type: integer 
	Parameter C_WRITE_MODE_B bound to: WRITE_FIRST - type: string 
	Parameter C_WRITE_WIDTH_B bound to: 8 - type: integer 
	Parameter C_READ_WIDTH_B bound to: 8 - type: integer 
	Parameter C_WRITE_DEPTH_B bound to: 230400 - type: integer 
	Parameter C_READ_DEPTH_B bound to: 230400 - type: integer 
	Parameter C_ADDRB_WIDTH bound to: 18 - type: integer 
	Parameter C_HAS_MEM_OUTPUT_REGS_A bound to: 1 - type: integer 
	Parameter C_HAS_MEM_OUTPUT_REGS_B bound to: 0 - type: integer 
	Parameter C_HAS_MUX_OUTPUT_REGS_A bound to: 0 - type: integer 
	Parameter C_HAS_MUX_OUTPUT_REGS_B bound to: 0 - type: integer 
	Parameter C_MUX_PIPELINE_STAGES bound to: 0 - type: integer 
	Parameter C_HAS_SOFTECC_INPUT_REGS_A bound to: 0 - type: integer 
	Parameter C_HAS_SOFTECC_OUTPUT_REGS_B bound to: 0 - type: integer 
	Parameter C_USE_SOFTECC bound to: 0 - type: integer 
	Parameter C_USE_ECC bound to: 0 - type: integer 
	Parameter C_EN_ECC_PIPE bound to: 0 - type: integer 
	Parameter C_HAS_INJECTERR bound to: 0 - type: integer 
	Parameter C_SIM_COLLISION_CHECK bound to: ALL - type: string 
	Parameter C_COMMON_CLK bound to: 0 - type: integer 
	Parameter C_DISABLE_WARN_BHV_COLL bound to: 0 - type: integer 
	Parameter C_EN_SLEEP_PIN bound to: 0 - type: integer 
	Parameter C_USE_URAM bound to: 0 - type: integer 
	Parameter C_EN_RDADDRA_CHG bound to: 0 - type: integer 
	Parameter C_EN_RDADDRB_CHG bound to: 0 - type: integer 
	Parameter C_EN_DEEPSLEEP_PIN bound to: 0 - type: integer 
	Parameter C_EN_SHUTDOWN_PIN bound to: 0 - type: integer 
	Parameter C_EN_SAFETY_CKT bound to: 0 - type: integer 
	Parameter C_DISABLE_WARN_BHV_RANGE bound to: 0 - type: integer 
	Parameter C_COUNT_36K_BRAM bound to: 56 - type: string 
	Parameter C_COUNT_18K_BRAM bound to: 1 - type: string 
	Parameter C_EST_POWER_SUMMARY bound to: Estimated Power for IP     :     2.530384 mW - type: string 
INFO: [Synth 8-3491] module 'blk_mem_gen_v8_4_1' declared at 'c:/Users/Arv/puzzle/puzzle.srcs/sources_1/ip/img_mem/hdl/blk_mem_gen_v8_4_vhsyn_rfs.vhd:195313' bound to instance 'U0' of component 'blk_mem_gen_v8_4_1' [c:/Users/Arv/puzzle/puzzle.srcs/sources_1/ip/img_mem/synth/img_mem.vhd:234]
INFO: [Synth 8-256] done synthesizing module 'img_mem' (11#1) [c:/Users/Arv/puzzle/puzzle.srcs/sources_1/ip/img_mem/synth/img_mem.vhd:70]
WARNING: [Synth 8-3331] design blk_mem_gen_mux__parameterized0 has unconnected port MUX_RST[0]
WARNING: [Synth 8-3331] design blk_mem_gen_mux__parameterized0 has unconnected port MEM_LAT_RST
WARNING: [Synth 8-3331] design blk_mem_gen_mux__parameterized0 has unconnected port MEM_REG_RST
WARNING: [Synth 8-3331] design blk_mem_gen_mux__parameterized0 has unconnected port MUX_REGCE[0]
WARNING: [Synth 8-3331] design blk_mem_gen_mux__parameterized0 has unconnected port MEM_REGCE
WARNING: [Synth 8-3331] design blk_mem_gen_mux__parameterized0 has unconnected port WE
WARNING: [Synth 8-3331] design blk_mem_gen_mux__parameterized0 has unconnected port ADDR_IN[17]
WARNING: [Synth 8-3331] design blk_mem_gen_mux__parameterized0 has unconnected port ADDR_IN[16]
WARNING: [Synth 8-3331] design blk_mem_gen_mux__parameterized0 has unconnected port ADDR_IN[15]
WARNING: [Synth 8-3331] design blk_mem_gen_mux__parameterized0 has unconnected port ADDR_IN[14]
WARNING: [Synth 8-3331] design blk_mem_gen_mux__parameterized0 has unconnected port ADDR_IN[13]
WARNING: [Synth 8-3331] design blk_mem_gen_mux__parameterized0 has unconnected port ADDR_IN[12]
WARNING: [Synth 8-3331] design blk_mem_gen_mux__parameterized0 has unconnected port ADDR_IN[11]
WARNING: [Synth 8-3331] design blk_mem_gen_mux__parameterized0 has unconnected port ADDR_IN[10]
WARNING: [Synth 8-3331] design blk_mem_gen_mux__parameterized0 has unconnected port ADDR_IN[9]
WARNING: [Synth 8-3331] design blk_mem_gen_mux__parameterized0 has unconnected port ADDR_IN[8]
WARNING: [Synth 8-3331] design blk_mem_gen_mux__parameterized0 has unconnected port ADDR_IN[7]
WARNING: [Synth 8-3331] design blk_mem_gen_mux__parameterized0 has unconnected port ADDR_IN[6]
WARNING: [Synth 8-3331] design blk_mem_gen_mux__parameterized0 has unconnected port ADDR_IN[5]
WARNING: [Synth 8-3331] design blk_mem_gen_mux__parameterized0 has unconnected port ADDR_IN[4]
WARNING: [Synth 8-3331] design blk_mem_gen_mux__parameterized0 has unconnected port ADDR_IN[3]
WARNING: [Synth 8-3331] design blk_mem_gen_mux__parameterized0 has unconnected port ADDR_IN[2]
WARNING: [Synth 8-3331] design blk_mem_gen_mux__parameterized0 has unconnected port ADDR_IN[1]
WARNING: [Synth 8-3331] design blk_mem_gen_mux__parameterized0 has unconnected port ADDR_IN[0]
WARNING: [Synth 8-3331] design blk_mem_gen_mux__parameterized0 has unconnected port SBITERRIN[127]
WARNING: [Synth 8-3331] design blk_mem_gen_mux__parameterized0 has unconnected port SBITERRIN[126]
WARNING: [Synth 8-3331] design blk_mem_gen_mux__parameterized0 has unconnected port SBITERRIN[125]
WARNING: [Synth 8-3331] design blk_mem_gen_mux__parameterized0 has unconnected port SBITERRIN[124]
WARNING: [Synth 8-3331] design blk_mem_gen_mux__parameterized0 has unconnected port SBITERRIN[123]
WARNING: [Synth 8-3331] design blk_mem_gen_mux__parameterized0 has unconnected port SBITERRIN[122]
WARNING: [Synth 8-3331] design blk_mem_gen_mux__parameterized0 has unconnected port SBITERRIN[121]
WARNING: [Synth 8-3331] design blk_mem_gen_mux__parameterized0 has unconnected port SBITERRIN[120]
WARNING: [Synth 8-3331] design blk_mem_gen_mux__parameterized0 has unconnected port SBITERRIN[119]
WARNING: [Synth 8-3331] design blk_mem_gen_mux__parameterized0 has unconnected port SBITERRIN[118]
WARNING: [Synth 8-3331] design blk_mem_gen_mux__parameterized0 has unconnected port SBITERRIN[117]
WARNING: [Synth 8-3331] design blk_mem_gen_mux__parameterized0 has unconnected port SBITERRIN[116]
WARNING: [Synth 8-3331] design blk_mem_gen_mux__parameterized0 has unconnected port SBITERRIN[115]
WARNING: [Synth 8-3331] design blk_mem_gen_mux__parameterized0 has unconnected port SBITERRIN[114]
WARNING: [Synth 8-3331] design blk_mem_gen_mux__parameterized0 has unconnected port SBITERRIN[113]
WARNING: [Synth 8-3331] design blk_mem_gen_mux__parameterized0 has unconnected port SBITERRIN[112]
WARNING: [Synth 8-3331] design blk_mem_gen_mux__parameterized0 has unconnected port SBITERRIN[111]
WARNING: [Synth 8-3331] design blk_mem_gen_mux__parameterized0 has unconnected port SBITERRIN[110]
WARNING: [Synth 8-3331] design blk_mem_gen_mux__parameterized0 has unconnected port SBITERRIN[109]
WARNING: [Synth 8-3331] design blk_mem_gen_mux__parameterized0 has unconnected port SBITERRIN[108]
WARNING: [Synth 8-3331] design blk_mem_gen_mux__parameterized0 has unconnected port SBITERRIN[107]
WARNING: [Synth 8-3331] design blk_mem_gen_mux__parameterized0 has unconnected port SBITERRIN[106]
WARNING: [Synth 8-3331] design blk_mem_gen_mux__parameterized0 has unconnected port SBITERRIN[105]
WARNING: [Synth 8-3331] design blk_mem_gen_mux__parameterized0 has unconnected port SBITERRIN[104]
WARNING: [Synth 8-3331] design blk_mem_gen_mux__parameterized0 has unconnected port SBITERRIN[103]
WARNING: [Synth 8-3331] design blk_mem_gen_mux__parameterized0 has unconnected port SBITERRIN[102]
WARNING: [Synth 8-3331] design blk_mem_gen_mux__parameterized0 has unconnected port SBITERRIN[101]
WARNING: [Synth 8-3331] design blk_mem_gen_mux__parameterized0 has unconnected port SBITERRIN[100]
WARNING: [Synth 8-3331] design blk_mem_gen_mux__parameterized0 has unconnected port SBITERRIN[99]
WARNING: [Synth 8-3331] design blk_mem_gen_mux__parameterized0 has unconnected port SBITERRIN[98]
WARNING: [Synth 8-3331] design blk_mem_gen_mux__parameterized0 has unconnected port SBITERRIN[97]
WARNING: [Synth 8-3331] design blk_mem_gen_mux__parameterized0 has unconnected port SBITERRIN[96]
WARNING: [Synth 8-3331] design blk_mem_gen_mux__parameterized0 has unconnected port SBITERRIN[95]
WARNING: [Synth 8-3331] design blk_mem_gen_mux__parameterized0 has unconnected port SBITERRIN[94]
WARNING: [Synth 8-3331] design blk_mem_gen_mux__parameterized0 has unconnected port SBITERRIN[93]
WARNING: [Synth 8-3331] design blk_mem_gen_mux__parameterized0 has unconnected port SBITERRIN[92]
WARNING: [Synth 8-3331] design blk_mem_gen_mux__parameterized0 has unconnected port SBITERRIN[91]
WARNING: [Synth 8-3331] design blk_mem_gen_mux__parameterized0 has unconnected port SBITERRIN[90]
WARNING: [Synth 8-3331] design blk_mem_gen_mux__parameterized0 has unconnected port SBITERRIN[89]
WARNING: [Synth 8-3331] design blk_mem_gen_mux__parameterized0 has unconnected port SBITERRIN[88]
WARNING: [Synth 8-3331] design blk_mem_gen_mux__parameterized0 has unconnected port SBITERRIN[87]
WARNING: [Synth 8-3331] design blk_mem_gen_mux__parameterized0 has unconnected port SBITERRIN[86]
WARNING: [Synth 8-3331] design blk_mem_gen_mux__parameterized0 has unconnected port SBITERRIN[85]
WARNING: [Synth 8-3331] design blk_mem_gen_mux__parameterized0 has unconnected port SBITERRIN[84]
WARNING: [Synth 8-3331] design blk_mem_gen_mux__parameterized0 has unconnected port SBITERRIN[83]
WARNING: [Synth 8-3331] design blk_mem_gen_mux__parameterized0 has unconnected port SBITERRIN[82]
WARNING: [Synth 8-3331] design blk_mem_gen_mux__parameterized0 has unconnected port SBITERRIN[81]
WARNING: [Synth 8-3331] design blk_mem_gen_mux__parameterized0 has unconnected port SBITERRIN[80]
WARNING: [Synth 8-3331] design blk_mem_gen_mux__parameterized0 has unconnected port SBITERRIN[79]
WARNING: [Synth 8-3331] design blk_mem_gen_mux__parameterized0 has unconnected port SBITERRIN[78]
WARNING: [Synth 8-3331] design blk_mem_gen_mux__parameterized0 has unconnected port SBITERRIN[77]
WARNING: [Synth 8-3331] design blk_mem_gen_mux__parameterized0 has unconnected port SBITERRIN[76]
WARNING: [Synth 8-3331] design blk_mem_gen_mux__parameterized0 has unconnected port SBITERRIN[75]
WARNING: [Synth 8-3331] design blk_mem_gen_mux__parameterized0 has unconnected port SBITERRIN[74]
WARNING: [Synth 8-3331] design blk_mem_gen_mux__parameterized0 has unconnected port SBITERRIN[73]
WARNING: [Synth 8-3331] design blk_mem_gen_mux__parameterized0 has unconnected port SBITERRIN[72]
WARNING: [Synth 8-3331] design blk_mem_gen_mux__parameterized0 has unconnected port SBITERRIN[71]
WARNING: [Synth 8-3331] design blk_mem_gen_mux__parameterized0 has unconnected port SBITERRIN[70]
WARNING: [Synth 8-3331] design blk_mem_gen_mux__parameterized0 has unconnected port SBITERRIN[69]
WARNING: [Synth 8-3331] design blk_mem_gen_mux__parameterized0 has unconnected port SBITERRIN[68]
WARNING: [Synth 8-3331] design blk_mem_gen_mux__parameterized0 has unconnected port SBITERRIN[67]
WARNING: [Synth 8-3331] design blk_mem_gen_mux__parameterized0 has unconnected port SBITERRIN[66]
WARNING: [Synth 8-3331] design blk_mem_gen_mux__parameterized0 has unconnected port SBITERRIN[65]
WARNING: [Synth 8-3331] design blk_mem_gen_mux__parameterized0 has unconnected port SBITERRIN[64]
WARNING: [Synth 8-3331] design blk_mem_gen_mux__parameterized0 has unconnected port SBITERRIN[63]
WARNING: [Synth 8-3331] design blk_mem_gen_mux__parameterized0 has unconnected port SBITERRIN[62]
WARNING: [Synth 8-3331] design blk_mem_gen_mux__parameterized0 has unconnected port SBITERRIN[61]
WARNING: [Synth 8-3331] design blk_mem_gen_mux__parameterized0 has unconnected port SBITERRIN[60]
WARNING: [Synth 8-3331] design blk_mem_gen_mux__parameterized0 has unconnected port SBITERRIN[59]
WARNING: [Synth 8-3331] design blk_mem_gen_mux__parameterized0 has unconnected port SBITERRIN[58]
WARNING: [Synth 8-3331] design blk_mem_gen_mux__parameterized0 has unconnected port SBITERRIN[57]
WARNING: [Synth 8-3331] design blk_mem_gen_mux__parameterized0 has unconnected port SBITERRIN[56]
WARNING: [Synth 8-3331] design blk_mem_gen_mux__parameterized0 has unconnected port SBITERRIN[55]
WARNING: [Synth 8-3331] design blk_mem_gen_mux__parameterized0 has unconnected port SBITERRIN[54]
WARNING: [Synth 8-3331] design blk_mem_gen_mux__parameterized0 has unconnected port SBITERRIN[53]
WARNING: [Synth 8-3331] design blk_mem_gen_mux__parameterized0 has unconnected port SBITERRIN[52]
INFO: [Common 17-14] Message 'Synth 8-3331' appears 100 times and further instances of the messages will be disabled. Use the Tcl command set_msg_config to change the current settings.
---------------------------------------------------------------------------------
Finished RTL Elaboration : Time (s): cpu = 00:02:05 ; elapsed = 00:02:07 . Memory (MB): peak = 617.945 ; gain = 376.754
---------------------------------------------------------------------------------

Report Check Netlist: 
+------+------------------+-------+---------+-------+------------------+
|      |Item              |Errors |Warnings |Status |Description       |
+------+------------------+-------+---------+-------+------------------+
|1     |multi_driven_nets |      0|        0|Passed |Multi driven nets |
+------+------------------+-------+---------+-------+------------------+
---------------------------------------------------------------------------------
Finished RTL Optimization Phase 1 : Time (s): cpu = 00:02:06 ; elapsed = 00:02:07 . Memory (MB): peak = 617.945 ; gain = 376.754
---------------------------------------------------------------------------------
INFO: [Netlist 29-17] Analyzing 57 Unisim elements for replacement
INFO: [Netlist 29-28] Unisim Transformation completed in 0 CPU seconds
INFO: [Device 21-403] Loading part xc7a100tfgg484-1
INFO: [Project 1-570] Preparing netlist for logic optimization

Processing XDC Constraints
Initializing timing engine
Parsing XDC File [c:/Users/Arv/puzzle/puzzle.srcs/sources_1/ip/img_mem/img_mem_ooc.xdc] for cell 'U0'
Finished Parsing XDC File [c:/Users/Arv/puzzle/puzzle.srcs/sources_1/ip/img_mem/img_mem_ooc.xdc] for cell 'U0'
Parsing XDC File [C:/Users/Arv/puzzle/puzzle.runs/img_mem_synth_1/dont_touch.xdc]
Finished Parsing XDC File [C:/Users/Arv/puzzle/puzzle.runs/img_mem_synth_1/dont_touch.xdc]
Completed Processing XDC Constraints

INFO: [Project 1-111] Unisim Transformation Summary:
No Unisim elements were transformed.

Constraint Validation Runtime : Time (s): cpu = 00:00:00 ; elapsed = 00:00:00.015 . Memory (MB): peak = 775.660 ; gain = 0.000
---------------------------------------------------------------------------------
Finished Constraint Validation : Time (s): cpu = 00:02:17 ; elapsed = 00:02:19 . Memory (MB): peak = 775.660 ; gain = 534.469
---------------------------------------------------------------------------------
---------------------------------------------------------------------------------
Start Loading Part and Timing Information
---------------------------------------------------------------------------------
Loading part: xc7a100tfgg484-1
---------------------------------------------------------------------------------
Finished Loading Part and Timing Information : Time (s): cpu = 00:02:17 ; elapsed = 00:02:19 . Memory (MB): peak = 775.660 ; gain = 534.469
---------------------------------------------------------------------------------
---------------------------------------------------------------------------------
Start Applying 'set_property' XDC Constraints
---------------------------------------------------------------------------------
Applied set_property DONT_TOUCH = true for U0. (constraint file  C:/Users/Arv/puzzle/puzzle.runs/img_mem_synth_1/dont_touch.xdc, line 9).
---------------------------------------------------------------------------------
Finished applying 'set_property' XDC Constraints : Time (s): cpu = 00:02:17 ; elapsed = 00:02:19 . Memory (MB): peak = 775.660 ; gain = 534.469
---------------------------------------------------------------------------------
---------------------------------------------------------------------------------
Finished RTL Optimization Phase 2 : Time (s): cpu = 00:02:19 ; elapsed = 00:02:21 . Memory (MB): peak = 775.660 ; gain = 534.469
---------------------------------------------------------------------------------

Report RTL Partitions: 
+-+--------------+------------+----------+
| |RTL Partition |Replication |Instances |
+-+--------------+------------+----------+
+-+--------------+------------+----------+
---------------------------------------------------------------------------------
Start RTL Component Statistics 
---------------------------------------------------------------------------------
Detailed RTL Component Info : 
+---Registers : 
	               18 Bit    Registers := 1     
	                7 Bit    Registers := 3     
+---Muxes : 
	   2 Input      1 Bit        Muxes := 257   
---------------------------------------------------------------------------------
Finished RTL Component Statistics 
---------------------------------------------------------------------------------
---------------------------------------------------------------------------------
Start RTL Hierarchical Component Statistics 
---------------------------------------------------------------------------------
Hierarchical RTL Component report 
Module bindec 
Detailed RTL Component Info : 
+---Muxes : 
	   2 Input      1 Bit        Muxes := 128   
Module blk_mem_gen_mux 
Detailed RTL Component Info : 
+---Registers : 
	               18 Bit    Registers := 1     
	                7 Bit    Registers := 2     
+---Muxes : 
	   2 Input      1 Bit        Muxes := 1     
Module blk_mem_gen_mux__parameterized0 
Detailed RTL Component Info : 
+---Registers : 
	                7 Bit    Registers := 1     
---------------------------------------------------------------------------------
Finished RTL Hierarchical Component Statistics
---------------------------------------------------------------------------------
---------------------------------------------------------------------------------
Start Part Resource Summary
---------------------------------------------------------------------------------
Part Resources:
DSPs: 240 (col length:80)
BRAMs: 270 (col length: RAMB18 80 RAMB36 40)
---------------------------------------------------------------------------------
Finished Part Resource Summary
---------------------------------------------------------------------------------
---------------------------------------------------------------------------------
Start Cross Boundary and Area Optimization
---------------------------------------------------------------------------------
---------------------------------------------------------------------------------
Finished Cross Boundary and Area Optimization : Time (s): cpu = 00:02:22 ; elapsed = 00:02:24 . Memory (MB): peak = 775.660 ; gain = 534.469
---------------------------------------------------------------------------------

Report RTL Partitions: 
+-+--------------+------------+----------+
| |RTL Partition |Replication |Instances |
+-+--------------+------------+----------+
+-+--------------+------------+----------+
---------------------------------------------------------------------------------
Start Applying XDC Timing Constraints
---------------------------------------------------------------------------------
---------------------------------------------------------------------------------
Finished Applying XDC Timing Constraints : Time (s): cpu = 00:02:30 ; elapsed = 00:02:32 . Memory (MB): peak = 775.660 ; gain = 534.469
---------------------------------------------------------------------------------
---------------------------------------------------------------------------------
Start Timing Optimization
---------------------------------------------------------------------------------
---------------------------------------------------------------------------------
Finished Timing Optimization : Time (s): cpu = 00:02:30 ; elapsed = 00:02:33 . Memory (MB): peak = 775.660 ; gain = 534.469
---------------------------------------------------------------------------------

Report RTL Partitions: 
+-+--------------+------------+----------+
| |RTL Partition |Replication |Instances |
+-+--------------+------------+----------+
+-+--------------+------------+----------+
---------------------------------------------------------------------------------
Start Technology Mapping
---------------------------------------------------------------------------------
---------------------------------------------------------------------------------
Finished Technology Mapping : Time (s): cpu = 00:02:30 ; elapsed = 00:02:33 . Memory (MB): peak = 775.660 ; gain = 534.469
---------------------------------------------------------------------------------

Report RTL Partitions: 
+-+--------------+------------+----------+
| |RTL Partition |Replication |Instances |
+-+--------------+------------+----------+
+-+--------------+------------+----------+
---------------------------------------------------------------------------------
Start IO Insertion
---------------------------------------------------------------------------------
---------------------------------------------------------------------------------
Start Flattening Before IO Insertion
---------------------------------------------------------------------------------
---------------------------------------------------------------------------------
Finished Flattening Before IO Insertion
---------------------------------------------------------------------------------
---------------------------------------------------------------------------------
Start Final Netlist Cleanup
---------------------------------------------------------------------------------
---------------------------------------------------------------------------------
Finished Final Netlist Cleanup
---------------------------------------------------------------------------------
---------------------------------------------------------------------------------
Finished IO Insertion : Time (s): cpu = 00:02:31 ; elapsed = 00:02:33 . Memory (MB): peak = 775.660 ; gain = 534.469
---------------------------------------------------------------------------------

Report Check Netlist: 
+------+------------------+-------+---------+-------+------------------+
|      |Item              |Errors |Warnings |Status |Description       |
+------+------------------+-------+---------+-------+------------------+
|1     |multi_driven_nets |      0|        0|Passed |Multi driven nets |
+------+------------------+-------+---------+-------+------------------+
---------------------------------------------------------------------------------
Start Renaming Generated Instances
---------------------------------------------------------------------------------
---------------------------------------------------------------------------------
Finished Renaming Generated Instances : Time (s): cpu = 00:02:31 ; elapsed = 00:02:33 . Memory (MB): peak = 775.660 ; gain = 534.469
---------------------------------------------------------------------------------

Report RTL Partitions: 
+-+--------------+------------+----------+
| |RTL Partition |Replication |Instances |
+-+--------------+------------+----------+
+-+--------------+------------+----------+
---------------------------------------------------------------------------------
Start Rebuilding User Hierarchy
---------------------------------------------------------------------------------
---------------------------------------------------------------------------------
Finished Rebuilding User Hierarchy : Time (s): cpu = 00:02:31 ; elapsed = 00:02:33 . Memory (MB): peak = 775.660 ; gain = 534.469
---------------------------------------------------------------------------------
---------------------------------------------------------------------------------
Start Renaming Generated Ports
---------------------------------------------------------------------------------
---------------------------------------------------------------------------------
Finished Renaming Generated Ports : Time (s): cpu = 00:02:31 ; elapsed = 00:02:33 . Memory (MB): peak = 775.660 ; gain = 534.469
---------------------------------------------------------------------------------
---------------------------------------------------------------------------------
Start Handling Custom Attributes
---------------------------------------------------------------------------------
---------------------------------------------------------------------------------
Finished Handling Custom Attributes : Time (s): cpu = 00:02:31 ; elapsed = 00:02:33 . Memory (MB): peak = 775.660 ; gain = 534.469
---------------------------------------------------------------------------------
---------------------------------------------------------------------------------
Start Renaming Generated Nets
---------------------------------------------------------------------------------
---------------------------------------------------------------------------------
Finished Renaming Generated Nets : Time (s): cpu = 00:02:31 ; elapsed = 00:02:33 . Memory (MB): peak = 775.660 ; gain = 534.469
---------------------------------------------------------------------------------
---------------------------------------------------------------------------------
Start Writing Synthesis Report
---------------------------------------------------------------------------------

Report BlackBoxes: 
+-+--------------+----------+
| |BlackBox name |Instances |
+-+--------------+----------+
+-+--------------+----------+

Report Cell Usage: 
+------+---------+------+
|      |Cell     |Count |
+------+---------+------+
|1     |LUT3     |     4|
|2     |LUT5     |    64|
|3     |LUT6     |   129|
|4     |MUXF7    |    64|
|5     |RAMB18E1 |     1|
|6     |RAMB36E1 |    56|
|7     |FDRE     |    14|
+------+---------+------+

Report Instance Areas: 
+------+---------------------------------------------+------------------------------------------+------+
|      |Instance                                     |Module                                    |Cells |
+------+---------------------------------------------+------------------------------------------+------+
|1     |top                                          |                                          |   332|
|2     |  U0                                         |blk_mem_gen_v8_4_1                        |   332|
|3     |    inst_blk_mem_gen                         |blk_mem_gen_v8_4_1_synth                  |   332|
|4     |      \gnbram.gnativebmg.native_blk_mem_gen  |blk_mem_gen_top                           |   332|
|5     |        \valid.cstr                          |blk_mem_gen_generic_cstr                  |   332|
|6     |          \has_mux_a.A                       |blk_mem_gen_mux                           |   214|
|7     |          \ramloop[0].ram.r                  |blk_mem_gen_prim_width                    |     3|
|8     |            \prim_noinit.ram                 |blk_mem_gen_prim_wrapper                  |     3|
|9     |          \ramloop[10].ram.r                 |blk_mem_gen_prim_width__parameterized9    |     2|
|10    |            \prim_noinit.ram                 |blk_mem_gen_prim_wrapper__parameterized9  |     2|
|11    |          \ramloop[11].ram.r                 |blk_mem_gen_prim_width__parameterized10   |     2|
|12    |            \prim_noinit.ram                 |blk_mem_gen_prim_wrapper__parameterized10 |     2|
|13    |          \ramloop[12].ram.r                 |blk_mem_gen_prim_width__parameterized11   |     2|
|14    |            \prim_noinit.ram                 |blk_mem_gen_prim_wrapper__parameterized11 |     2|
|15    |          \ramloop[13].ram.r                 |blk_mem_gen_prim_width__parameterized12   |     2|
|16    |            \prim_noinit.ram                 |blk_mem_gen_prim_wrapper__parameterized12 |     2|
|17    |          \ramloop[14].ram.r                 |blk_mem_gen_prim_width__parameterized13   |     2|
|18    |            \prim_noinit.ram                 |blk_mem_gen_prim_wrapper__parameterized13 |     2|
|19    |          \ramloop[15].ram.r                 |blk_mem_gen_prim_width__parameterized14   |     2|
|20    |            \prim_noinit.ram                 |blk_mem_gen_prim_wrapper__parameterized14 |     2|
|21    |          \ramloop[16].ram.r                 |blk_mem_gen_prim_width__parameterized15   |     2|
|22    |            \prim_noinit.ram                 |blk_mem_gen_prim_wrapper__parameterized15 |     2|
|23    |          \ramloop[17].ram.r                 |blk_mem_gen_prim_width__parameterized16   |     2|
|24    |            \prim_noinit.ram                 |blk_mem_gen_prim_wrapper__parameterized16 |     2|
|25    |          \ramloop[18].ram.r                 |blk_mem_gen_prim_width__parameterized17   |     2|
|26    |            \prim_noinit.ram                 |blk_mem_gen_prim_wrapper__parameterized17 |     2|
|27    |          \ramloop[19].ram.r                 |blk_mem_gen_prim_width__parameterized18   |     2|
|28    |            \prim_noinit.ram                 |blk_mem_gen_prim_wrapper__parameterized18 |     2|
|29    |          \ramloop[1].ram.r                  |blk_mem_gen_prim_width__parameterized0    |     2|
|30    |            \prim_noinit.ram                 |blk_mem_gen_prim_wrapper__parameterized0  |     2|
|31    |          \ramloop[20].ram.r                 |blk_mem_gen_prim_width__parameterized19   |     2|
|32    |            \prim_noinit.ram                 |blk_mem_gen_prim_wrapper__parameterized19 |     2|
|33    |          \ramloop[21].ram.r                 |blk_mem_gen_prim_width__parameterized20   |     2|
|34    |            \prim_noinit.ram                 |blk_mem_gen_prim_wrapper__parameterized20 |     2|
|35    |          \ramloop[22].ram.r                 |blk_mem_gen_prim_width__parameterized21   |     2|
|36    |            \prim_noinit.ram                 |blk_mem_gen_prim_wrapper__parameterized21 |     2|
|37    |          \ramloop[23].ram.r                 |blk_mem_gen_prim_width__parameterized22   |     2|
|38    |            \prim_noinit.ram                 |blk_mem_gen_prim_wrapper__parameterized22 |     2|
|39    |          \ramloop[24].ram.r                 |blk_mem_gen_prim_width__parameterized23   |     2|
|40    |            \prim_noinit.ram                 |blk_mem_gen_prim_wrapper__parameterized23 |     2|
|41    |          \ramloop[25].ram.r                 |blk_mem_gen_prim_width__parameterized24   |     2|
|42    |            \prim_noinit.ram                 |blk_mem_gen_prim_wrapper__parameterized24 |     2|
|43    |          \ramloop[26].ram.r                 |blk_mem_gen_prim_width__parameterized25   |     2|
|44    |            \prim_noinit.ram                 |blk_mem_gen_prim_wrapper__parameterized25 |     2|
|45    |          \ramloop[27].ram.r                 |blk_mem_gen_prim_width__parameterized26   |     2|
|46    |            \prim_noinit.ram                 |blk_mem_gen_prim_wrapper__parameterized26 |     2|
|47    |          \ramloop[28].ram.r                 |blk_mem_gen_prim_width__parameterized27   |     2|
|48    |            \prim_noinit.ram                 |blk_mem_gen_prim_wrapper__parameterized27 |     2|
|49    |          \ramloop[29].ram.r                 |blk_mem_gen_prim_width__parameterized28   |     2|
|50    |            \prim_noinit.ram                 |blk_mem_gen_prim_wrapper__parameterized28 |     2|
|51    |          \ramloop[2].ram.r                  |blk_mem_gen_prim_width__parameterized1    |     2|
|52    |            \prim_noinit.ram                 |blk_mem_gen_prim_wrapper__parameterized1  |     2|
|53    |          \ramloop[30].ram.r                 |blk_mem_gen_prim_width__parameterized29   |     3|
|54    |            \prim_noinit.ram                 |blk_mem_gen_prim_wrapper__parameterized29 |     3|
|55    |          \ramloop[31].ram.r                 |blk_mem_gen_prim_width__parameterized30   |     2|
|56    |            \prim_noinit.ram                 |blk_mem_gen_prim_wrapper__parameterized30 |     2|
|57    |          \ramloop[32].ram.r                 |blk_mem_gen_prim_width__parameterized31   |     2|
|58    |            \prim_noinit.ram                 |blk_mem_gen_prim_wrapper__parameterized31 |     2|
|59    |          \ramloop[33].ram.r                 |blk_mem_gen_prim_width__parameterized32   |     2|
|60    |            \prim_noinit.ram                 |blk_mem_gen_prim_wrapper__parameterized32 |     2|
|61    |          \ramloop[34].ram.r                 |blk_mem_gen_prim_width__parameterized33   |     2|
|62    |            \prim_noinit.ram                 |blk_mem_gen_prim_wrapper__parameterized33 |     2|
|63    |          \ramloop[35].ram.r                 |blk_mem_gen_prim_width__parameterized34   |     2|
|64    |            \prim_noinit.ram                 |blk_mem_gen_prim_wrapper__parameterized34 |     2|
|65    |          \ramloop[36].ram.r                 |blk_mem_gen_prim_width__parameterized35   |     2|
|66    |            \prim_noinit.ram                 |blk_mem_gen_prim_wrapper__parameterized35 |     2|
|67    |          \ramloop[37].ram.r                 |blk_mem_gen_prim_width__parameterized36   |     2|
|68    |            \prim_noinit.ram                 |blk_mem_gen_prim_wrapper__parameterized36 |     2|
|69    |          \ramloop[38].ram.r                 |blk_mem_gen_prim_width__parameterized37   |     2|
|70    |            \prim_noinit.ram                 |blk_mem_gen_prim_wrapper__parameterized37 |     2|
|71    |          \ramloop[39].ram.r                 |blk_mem_gen_prim_width__parameterized38   |     2|
|72    |            \prim_noinit.ram                 |blk_mem_gen_prim_wrapper__parameterized38 |     2|
|73    |          \ramloop[3].ram.r                  |blk_mem_gen_prim_width__parameterized2    |     2|
|74    |            \prim_noinit.ram                 |blk_mem_gen_prim_wrapper__parameterized2  |     2|
|75    |          \ramloop[40].ram.r                 |blk_mem_gen_prim_width__parameterized39   |     2|
|76    |            \prim_noinit.ram                 |blk_mem_gen_prim_wrapper__parameterized39 |     2|
|77    |          \ramloop[41].ram.r                 |blk_mem_gen_prim_width__parameterized40   |     2|
|78    |            \prim_noinit.ram                 |blk_mem_gen_prim_wrapper__parameterized40 |     2|
|79    |          \ramloop[42].ram.r                 |blk_mem_gen_prim_width__parameterized41   |     2|
|80    |            \prim_noinit.ram                 |blk_mem_gen_prim_wrapper__parameterized41 |     2|
|81    |          \ramloop[43].ram.r                 |blk_mem_gen_prim_width__parameterized42   |     2|
|82    |            \prim_noinit.ram                 |blk_mem_gen_prim_wrapper__parameterized42 |     2|
|83    |          \ramloop[44].ram.r                 |blk_mem_gen_prim_width__parameterized43   |     2|
|84    |            \prim_noinit.ram                 |blk_mem_gen_prim_wrapper__parameterized43 |     2|
|85    |          \ramloop[45].ram.r                 |blk_mem_gen_prim_width__parameterized44   |     2|
|86    |            \prim_noinit.ram                 |blk_mem_gen_prim_wrapper__parameterized44 |     2|
|87    |          \ramloop[46].ram.r                 |blk_mem_gen_prim_width__parameterized45   |     2|
|88    |            \prim_noinit.ram                 |blk_mem_gen_prim_wrapper__parameterized45 |     2|
|89    |          \ramloop[47].ram.r                 |blk_mem_gen_prim_width__parameterized46   |     2|
|90    |            \prim_noinit.ram                 |blk_mem_gen_prim_wrapper__parameterized46 |     2|
|91    |          \ramloop[48].ram.r                 |blk_mem_gen_prim_width__parameterized47   |     2|
|92    |            \prim_noinit.ram                 |blk_mem_gen_prim_wrapper__parameterized47 |     2|
|93    |          \ramloop[49].ram.r                 |blk_mem_gen_prim_width__parameterized48   |     2|
|94    |            \prim_noinit.ram                 |blk_mem_gen_prim_wrapper__parameterized48 |     2|
|95    |          \ramloop[4].ram.r                  |blk_mem_gen_prim_width__parameterized3    |     3|
|96    |            \prim_noinit.ram                 |blk_mem_gen_prim_wrapper__parameterized3  |     3|
|97    |          \ramloop[50].ram.r                 |blk_mem_gen_prim_width__parameterized49   |     2|
|98    |            \prim_noinit.ram                 |blk_mem_gen_prim_wrapper__parameterized49 |     2|
|99    |          \ramloop[51].ram.r                 |blk_mem_gen_prim_width__parameterized50   |     2|
|100   |            \prim_noinit.ram                 |blk_mem_gen_prim_wrapper__parameterized50 |     2|
|101   |          \ramloop[52].ram.r                 |blk_mem_gen_prim_width__parameterized51   |     2|
|102   |            \prim_noinit.ram                 |blk_mem_gen_prim_wrapper__parameterized51 |     2|
|103   |          \ramloop[53].ram.r                 |blk_mem_gen_prim_width__parameterized52   |     2|
|104   |            \prim_noinit.ram                 |blk_mem_gen_prim_wrapper__parameterized52 |     2|
|105   |          \ramloop[54].ram.r                 |blk_mem_gen_prim_width__parameterized53   |     2|
|106   |            \prim_noinit.ram                 |blk_mem_gen_prim_wrapper__parameterized53 |     2|
|107   |          \ramloop[55].ram.r                 |blk_mem_gen_prim_width__parameterized54   |     2|
|108   |            \prim_noinit.ram                 |blk_mem_gen_prim_wrapper__parameterized54 |     2|
|109   |          \ramloop[56].ram.r                 |blk_mem_gen_prim_width__parameterized55   |     3|
|110   |            \prim_noinit.ram                 |blk_mem_gen_prim_wrapper__parameterized55 |     3|
|111   |          \ramloop[5].ram.r                  |blk_mem_gen_prim_width__parameterized4    |     2|
|112   |            \prim_noinit.ram                 |blk_mem_gen_prim_wrapper__parameterized4  |     2|
|113   |          \ramloop[6].ram.r                  |blk_mem_gen_prim_width__parameterized5    |     2|
|114   |            \prim_noinit.ram                 |blk_mem_gen_prim_wrapper__parameterized5  |     2|
|115   |          \ramloop[7].ram.r                  |blk_mem_gen_prim_width__parameterized6    |     2|
|116   |            \prim_noinit.ram                 |blk_mem_gen_prim_wrapper__parameterized6  |     2|
|117   |          \ramloop[8].ram.r                  |blk_mem_gen_prim_width__parameterized7    |     2|
|118   |            \prim_noinit.ram                 |blk_mem_gen_prim_wrapper__parameterized7  |     2|
|119   |          \ramloop[9].ram.r                  |blk_mem_gen_prim_width__parameterized8    |     2|
|120   |            \prim_noinit.ram                 |blk_mem_gen_prim_wrapper__parameterized8  |     2|
+------+---------------------------------------------+------------------------------------------+------+
---------------------------------------------------------------------------------
Finished Writing Synthesis Report : Time (s): cpu = 00:02:31 ; elapsed = 00:02:33 . Memory (MB): peak = 775.660 ; gain = 534.469
---------------------------------------------------------------------------------
Synthesis finished with 0 errors, 0 critical warnings and 155 warnings.
Synthesis Optimization Runtime : Time (s): cpu = 00:00:18 ; elapsed = 00:02:26 . Memory (MB): peak = 775.660 ; gain = 376.754
Synthesis Optimization Complete : Time (s): cpu = 00:02:31 ; elapsed = 00:02:34 . Memory (MB): peak = 775.660 ; gain = 534.469
INFO: [Project 1-571] Translating synthesized netlist
INFO: [Netlist 29-17] Analyzing 121 Unisim elements for replacement
INFO: [Netlist 29-28] Unisim Transformation completed in 0 CPU seconds
INFO: [Project 1-570] Preparing netlist for logic optimization
INFO: [Opt 31-138] Pushed 0 inverter(s) to 0 load pin(s).
INFO: [Project 1-111] Unisim Transformation Summary:
No Unisim elements were transformed.

INFO: [Common 17-83] Releasing license: Synthesis
17 Infos, 100 Warnings, 0 Critical Warnings and 0 Errors encountered.
synth_design completed successfully
synth_design: Time (s): cpu = 00:02:33 ; elapsed = 00:02:36 . Memory (MB): peak = 779.727 ; gain = 550.066
INFO: [Common 17-1381] The checkpoint 'C:/Users/Arv/puzzle/puzzle.runs/img_mem_synth_1/img_mem.dcp' has been generated.
