Copyright 1986-2017 Xilinx, Inc. All Rights Reserved.
-----------------------------------------------------------------------------------------------------------------------------------------------
| Tool Version : Vivado v.2017.4 (win64) Build 2086221 Fri Dec 15 20:55:39 MST 2017
| Date         : Wed Dec  8 22:50:56 2021
| Host         : DESKTOP-VV69JL5 running 64-bit major release  (build 9200)
| Command      : report_methodology -file top_methodology_drc_routed.rpt -pb top_methodology_drc_routed.pb -rpx top_methodology_drc_routed.rpx
| Design       : top
| Device       : xc7a100tfgg484-1
| Speed File   : -1
| Design State : Routed
-----------------------------------------------------------------------------------------------------------------------------------------------

Report Methodology

Table of Contents
-----------------
1. REPORT SUMMARY
2. REPORT DETAILS

1. REPORT SUMMARY
-----------------
            Netlist: netlist
          Floorplan: design_1
      Design limits: <entire design considered>
             Max violations: <unlimited>
             Violations found: 8
+-----------+----------+-------------------+------------+
| Rule      | Severity | Description       | Violations |
+-----------+----------+-------------------+------------+
| TIMING-20 | Warning  | Non-clocked latch | 8          |
+-----------+----------+-------------------+------------+

2. REPORT DETAILS
-----------------
TIMING-20#1 Warning
Non-clocked latch  
The latch gamectrl_inst/perm_inst/O_pos_a_reg[0] cannot be properly analyzed as its control pin gamectrl_inst/perm_inst/O_pos_a_reg[0]/G is not reached by a timing clock
Related violations: <none>

TIMING-20#2 Warning
Non-clocked latch  
The latch gamectrl_inst/perm_inst/O_pos_a_reg[1] cannot be properly analyzed as its control pin gamectrl_inst/perm_inst/O_pos_a_reg[1]/G is not reached by a timing clock
Related violations: <none>

TIMING-20#3 Warning
Non-clocked latch  
The latch gamectrl_inst/perm_inst/O_pos_b_reg[0] cannot be properly analyzed as its control pin gamectrl_inst/perm_inst/O_pos_b_reg[0]/G is not reached by a timing clock
Related violations: <none>

TIMING-20#4 Warning
Non-clocked latch  
The latch gamectrl_inst/perm_inst/O_pos_b_reg[1] cannot be properly analyzed as its control pin gamectrl_inst/perm_inst/O_pos_b_reg[1]/G is not reached by a timing clock
Related violations: <none>

TIMING-20#5 Warning
Non-clocked latch  
The latch gamectrl_inst/perm_inst/O_pos_c_reg[0] cannot be properly analyzed as its control pin gamectrl_inst/perm_inst/O_pos_c_reg[0]/G is not reached by a timing clock
Related violations: <none>

TIMING-20#6 Warning
Non-clocked latch  
The latch gamectrl_inst/perm_inst/O_pos_c_reg[1] cannot be properly analyzed as its control pin gamectrl_inst/perm_inst/O_pos_c_reg[1]/G is not reached by a timing clock
Related violations: <none>

TIMING-20#7 Warning
Non-clocked latch  
The latch gamectrl_inst/perm_inst/O_pos_d_reg[0] cannot be properly analyzed as its control pin gamectrl_inst/perm_inst/O_pos_d_reg[0]/G is not reached by a timing clock
Related violations: <none>

TIMING-20#8 Warning
Non-clocked latch  
The latch gamectrl_inst/perm_inst/O_pos_d_reg[1] cannot be properly analyzed as its control pin gamectrl_inst/perm_inst/O_pos_d_reg[1]/G is not reached by a timing clock
Related violations: <none>


